Determining if the pthread_create exist failed with the following output:
Change Dir: /home/yuzailiang/oneflow/docker/package/manylinux/manylinux2014-build-cache/build-third-party/CMakeFiles/CMakeTmp

Run Build Command(s):/usr/bin/make cmTC_9e900/fast 
/usr/bin/make -f CMakeFiles/cmTC_9e900.dir/build.make CMakeFiles/cmTC_9e900.dir/build
make[1]: Entering directory '/home/yuzailiang/oneflow/docker/package/manylinux/manylinux2014-build-cache/build-third-party/CMakeFiles/CMakeTmp'
Building C object CMakeFiles/cmTC_9e900.dir/CheckSymbolExists.c.o
/usr/bin/cc   -fPIE   -o CMakeFiles/cmTC_9e900.dir/CheckSymbolExists.c.o   -c /home/yuzailiang/oneflow/docker/package/manylinux/manylinux2014-build-cache/build-third-party/CMakeFiles/CMakeTmp/CheckSymbolExists.c
Linking C executable cmTC_9e900
/opt/cmake/cmake-3.14.0-Linux-x86_64/bin/cmake -E cmake_link_script CMakeFiles/cmTC_9e900.dir/link.txt --verbose=1
/usr/bin/cc      CMakeFiles/cmTC_9e900.dir/CheckSymbolExists.c.o  -o cmTC_9e900 
CMakeFiles/cmTC_9e900.dir/CheckSymbolExists.c.o: In function `main':
CheckSymbolExists.c:(.text+0x1b): undefined reference to `pthread_create'
collect2: error: ld returned 1 exit status
CMakeFiles/cmTC_9e900.dir/build.make:86: recipe for target 'cmTC_9e900' failed
make[1]: *** [cmTC_9e900] Error 1
make[1]: Leaving directory '/home/yuzailiang/oneflow/docker/package/manylinux/manylinux2014-build-cache/build-third-party/CMakeFiles/CMakeTmp'
Makefile:121: recipe for target 'cmTC_9e900/fast' failed
make: *** [cmTC_9e900/fast] Error 2

File /home/yuzailiang/oneflow/docker/package/manylinux/manylinux2014-build-cache/build-third-party/CMakeFiles/CMakeTmp/CheckSymbolExists.c:
/* */
#include <pthread.h>

int main(int argc, char** argv)
{
  (void)argv;
#ifndef pthread_create
  return ((int*)(&pthread_create))[argc];
#else
  (void)argc;
  return 0;
#endif
}

Determining if the function pthread_create exists in the pthreads failed with the following output:
Change Dir: /home/yuzailiang/oneflow/docker/package/manylinux/manylinux2014-build-cache/build-third-party/CMakeFiles/CMakeTmp

Run Build Command(s):/usr/bin/make cmTC_e4319/fast 
/usr/bin/make -f CMakeFiles/cmTC_e4319.dir/build.make CMakeFiles/cmTC_e4319.dir/build
make[1]: Entering directory '/home/yuzailiang/oneflow/docker/package/manylinux/manylinux2014-build-cache/build-third-party/CMakeFiles/CMakeTmp'
Building C object CMakeFiles/cmTC_e4319.dir/CheckFunctionExists.c.o
/usr/bin/cc   -DCHECK_FUNCTION_EXISTS=pthread_create -fPIE   -o CMakeFiles/cmTC_e4319.dir/CheckFunctionExists.c.o   -c /opt/cmake/cmake-3.14.0-Linux-x86_64/share/cmake-3.14/Modules/CheckFunctionExists.c
Linking C executable cmTC_e4319
/opt/cmake/cmake-3.14.0-Linux-x86_64/bin/cmake -E cmake_link_script CMakeFiles/cmTC_e4319.dir/link.txt --verbose=1
/usr/bin/cc  -DCHECK_FUNCTION_EXISTS=pthread_create    CMakeFiles/cmTC_e4319.dir/CheckFunctionExists.c.o  -o cmTC_e4319 -lpthreads 
/usr/bin/ld: cannot find -lpthreads
collect2: error: ld returned 1 exit status
CMakeFiles/cmTC_e4319.dir/build.make:86: recipe for target 'cmTC_e4319' failed
make[1]: *** [cmTC_e4319] Error 1
make[1]: Leaving directory '/home/yuzailiang/oneflow/docker/package/manylinux/manylinux2014-build-cache/build-third-party/CMakeFiles/CMakeTmp'
Makefile:121: recipe for target 'cmTC_e4319/fast' failed
make: *** [cmTC_e4319/fast] Error 2


Determining if files infiniband/verbs.h exist failed with the following output:
Change Dir: /home/yuzailiang/oneflow/docker/package/manylinux/manylinux2014-build-cache/build-third-party/CMakeFiles/CMakeTmp

Run Build Command(s):/usr/bin/make cmTC_5c771/fast 
/usr/bin/make -f CMakeFiles/cmTC_5c771.dir/build.make CMakeFiles/cmTC_5c771.dir/build
make[1]: Entering directory '/home/yuzailiang/oneflow/docker/package/manylinux/manylinux2014-build-cache/build-third-party/CMakeFiles/CMakeTmp'
Building C object CMakeFiles/cmTC_5c771.dir/HAVE_VERBS_H.c.o
/usr/bin/cc   -fPIE   -o CMakeFiles/cmTC_5c771.dir/HAVE_VERBS_H.c.o   -c /home/yuzailiang/oneflow/docker/package/manylinux/manylinux2014-build-cache/build-third-party/CMakeFiles/CheckIncludeFiles/HAVE_VERBS_H.c
/home/yuzailiang/oneflow/docker/package/manylinux/manylinux2014-build-cache/build-third-party/CMakeFiles/CheckIncludeFiles/HAVE_VERBS_H.c:2:30: fatal error: infiniband/verbs.h: No such file or directory
compilation terminated.
CMakeFiles/cmTC_5c771.dir/build.make:65: recipe for target 'CMakeFiles/cmTC_5c771.dir/HAVE_VERBS_H.c.o' failed
make[1]: *** [CMakeFiles/cmTC_5c771.dir/HAVE_VERBS_H.c.o] Error 1
make[1]: Leaving directory '/home/yuzailiang/oneflow/docker/package/manylinux/manylinux2014-build-cache/build-third-party/CMakeFiles/CMakeTmp'
Makefile:121: recipe for target 'cmTC_5c771/fast' failed
make: *** [cmTC_5c771/fast] Error 2

Source:
/* */
#include <infiniband/verbs.h>


int main(void){return 0;}

Determining if the function ibv_create_qp exists in the ibverbs failed with the following output:
Change Dir: /home/yuzailiang/oneflow/docker/package/manylinux/manylinux2014-build-cache/build-third-party/CMakeFiles/CMakeTmp

Run Build Command(s):/usr/bin/make cmTC_b45b8/fast 
/usr/bin/make -f CMakeFiles/cmTC_b45b8.dir/build.make CMakeFiles/cmTC_b45b8.dir/build
make[1]: Entering directory '/home/yuzailiang/oneflow/docker/package/manylinux/manylinux2014-build-cache/build-third-party/CMakeFiles/CMakeTmp'
Building C object CMakeFiles/cmTC_b45b8.dir/CheckFunctionExists.c.o
/usr/bin/cc   -DCHECK_FUNCTION_EXISTS=ibv_create_qp -fPIE   -o CMakeFiles/cmTC_b45b8.dir/CheckFunctionExists.c.o   -c /opt/cmake/cmake-3.14.0-Linux-x86_64/share/cmake-3.14/Modules/CheckFunctionExists.c
Linking C executable cmTC_b45b8
/opt/cmake/cmake-3.14.0-Linux-x86_64/bin/cmake -E cmake_link_script CMakeFiles/cmTC_b45b8.dir/link.txt --verbose=1
/usr/bin/cc  -DCHECK_FUNCTION_EXISTS=ibv_create_qp    CMakeFiles/cmTC_b45b8.dir/CheckFunctionExists.c.o  -o cmTC_b45b8 -libverbs 
/usr/bin/ld: cannot find -libverbs
collect2: error: ld returned 1 exit status
CMakeFiles/cmTC_b45b8.dir/build.make:86: recipe for target 'cmTC_b45b8' failed
make[1]: *** [cmTC_b45b8] Error 1
make[1]: Leaving directory '/home/yuzailiang/oneflow/docker/package/manylinux/manylinux2014-build-cache/build-third-party/CMakeFiles/CMakeTmp'
Makefile:121: recipe for target 'cmTC_b45b8/fast' failed
make: *** [cmTC_b45b8/fast] Error 2


